<?xml version="1.0" encoding="UTF-8"?>
<coverage generated="1682088506750" clover="3.2.0">
  <project timestamp="1682088506750" name="All files">
    <metrics statements="16" coveredstatements="16" conditionals="7" coveredconditionals="4" methods="5" coveredmethods="5" elements="28" coveredelements="25" complexity="0" loc="16" ncloc="16" packages="2" files="2" classes="2"/>
    <package name="src">
      <metrics statements="14" coveredstatements="14" conditionals="7" coveredconditionals="4" methods="5" coveredmethods="5"/>
      <file name="core.ts" path="/home/victor/Dev_Storage/Tutoriels/Formation DYMA/Typescript/todoList/src/core.ts">
        <metrics statements="14" coveredstatements="14" conditionals="7" coveredconditionals="4" methods="5" coveredmethods="5"/>
        <line num="3" count="1" type="stmt"/>
        <line num="5" count="2" type="cond" truecount="1" falsecount="0"/>
        <line num="6" count="1" type="stmt"/>
        <line num="15" count="1" type="stmt"/>
        <line num="21" count="1" type="stmt"/>
        <line num="25" count="4" type="stmt"/>
        <line num="26" count="4" type="stmt"/>
        <line num="30" count="1" type="stmt"/>
        <line num="31" count="1" type="cond" truecount="3" falsecount="2"/>
        <line num="32" count="1" type="stmt"/>
        <line num="33" count="1" type="stmt"/>
        <line num="37" count="1" type="cond" truecount="0" falsecount="1"/>
        <line num="38" count="1" type="stmt"/>
        <line num="42" count="1" type="stmt"/>
      </file>
    </package>
    <package name="src.data">
      <metrics statements="2" coveredstatements="2" conditionals="0" coveredconditionals="0" methods="0" coveredmethods="0"/>
      <file name="todoInit.ts" path="/home/victor/Dev_Storage/Tutoriels/Formation DYMA/Typescript/todoList/src/data/todoInit.ts">
        <metrics statements="2" coveredstatements="2" conditionals="0" coveredconditionals="0" methods="0" coveredmethods="0"/>
        <line num="4" count="1" type="stmt"/>
        <line num="12" count="1" type="stmt"/>
      </file>
    </package>
  </project>
</coverage>
