{"/home/victor/Dev_Storage/Tutoriels/Formation DYMA/Typescript/todoList/src/core.js": {"path":"/home/victor/Dev_Storage/Tutoriels/Formation DYMA/Typescript/todoList/src/core.js","statementMap":{"0":{"start":{"line":1,"column":16},"end":{"line":19,"column":5}},"1":{"start":{"line":2,"column":4},"end":{"line":2,"column":80}},"2":{"start":{"line":2,"column":40},"end":{"line":2,"column":80}},"3":{"start":{"line":3,"column":4},"end":{"line":3,"column":48}},"4":{"start":{"line":3,"column":33},"end":{"line":3,"column":48}},"5":{"start":{"line":5,"column":15},"end":{"line":5,"column":43}},"6":{"start":{"line":6,"column":19},"end":{"line":6,"column":37}},"7":{"start":{"line":9,"column":4},"end":{"line":9,"column":53}},"8":{"start":{"line":12,"column":25},"end":{"line":12,"column":50}},"9":{"start":{"line":13,"column":4},"end":{"line":13,"column":35}},"10":{"start":{"line":15,"column":31},"end":{"line":15,"column":67}},"11":{"start":{"line":16,"column":4},"end":{"line":16,"column":47}},"12":{"start":{"line":17,"column":28},"end":{"line":17,"column":57}},"13":{"start":{"line":18,"column":4},"end":{"line":18,"column":40}},"14":{"start":{"line":21,"column":19},"end":{"line":29,"column":1}},"15":{"start":{"line":22,"column":15},"end":{"line":22,"column":46}},"16":{"start":{"line":23,"column":4},"end":{"line":23,"column":85}},"17":{"start":{"line":23,"column":42},"end":{"line":23,"column":85}},"18":{"start":{"line":24,"column":4},"end":{"line":24,"column":33}},"19":{"start":{"line":26,"column":4},"end":{"line":26,"column":64}},"20":{"start":{"line":26,"column":26},"end":{"line":26,"column":64}},"21":{"start":{"line":27,"column":4},"end":{"line":27,"column":56}},"22":{"start":{"line":28,"column":4},"end":{"line":28,"column":32}},"23":{"start":{"line":31,"column":17},"end":{"line":41,"column":1}},"24":{"start":{"line":32,"column":15},"end":{"line":32,"column":46}},"25":{"start":{"line":34,"column":4},"end":{"line":34,"column":64}},"26":{"start":{"line":34,"column":26},"end":{"line":34,"column":64}},"27":{"start":{"line":35,"column":19},"end":{"line":35,"column":44}},"28":{"start":{"line":36,"column":25},"end":{"line":36,"column":50}},"29":{"start":{"line":37,"column":4},"end":{"line":37,"column":35}},"30":{"start":{"line":38,"column":31},"end":{"line":38,"column":67}},"31":{"start":{"line":39,"column":4},"end":{"line":39,"column":47}},"32":{"start":{"line":40,"column":4},"end":{"line":40,"column":64}}},"fnMap":{"0":{"name":"(anonymous_0)","decl":{"start":{"line":1,"column":16},"end":{"line":1,"column":17}},"loc":{"start":{"line":1,"column":51},"end":{"line":19,"column":5}},"line":1},"1":{"name":"(anonymous_1)","decl":{"start":{"line":21,"column":19},"end":{"line":21,"column":20}},"loc":{"start":{"line":21,"column":30},"end":{"line":29,"column":1}},"line":21},"2":{"name":"(anonymous_2)","decl":{"start":{"line":31,"column":17},"end":{"line":31,"column":18}},"loc":{"start":{"line":31,"column":47},"end":{"line":41,"column":1}},"line":31}},"branchMap":{"0":{"loc":{"start":{"line":2,"column":4},"end":{"line":2,"column":80}},"type":"if","locations":[{"start":{"line":2,"column":4},"end":{"line":2,"column":80}},{"start":{},"end":{}}],"line":2},"1":{"loc":{"start":{"line":3,"column":4},"end":{"line":3,"column":48}},"type":"if","locations":[{"start":{"line":3,"column":4},"end":{"line":3,"column":48}},{"start":{},"end":{}}],"line":3},"2":{"loc":{"start":{"line":23,"column":4},"end":{"line":23,"column":85}},"type":"if","locations":[{"start":{"line":23,"column":4},"end":{"line":23,"column":85}},{"start":{},"end":{}}],"line":23},"3":{"loc":{"start":{"line":26,"column":4},"end":{"line":26,"column":64}},"type":"if","locations":[{"start":{"line":26,"column":4},"end":{"line":26,"column":64}},{"start":{},"end":{}}],"line":26},"4":{"loc":{"start":{"line":34,"column":4},"end":{"line":34,"column":64}},"type":"if","locations":[{"start":{"line":34,"column":4},"end":{"line":34,"column":64}},{"start":{},"end":{}}],"line":34}},"s":{"0":1,"1":3,"2":1,"3":2,"4":1,"5":2,"6":2,"7":2,"8":2,"9":2,"10":2,"11":2,"12":2,"13":2,"14":1,"15":2,"16":2,"17":1,"18":1,"19":1,"20":1,"21":0,"22":0,"23":1,"24":0,"25":0,"26":0,"27":0,"28":0,"29":0,"30":0,"31":0,"32":0},"f":{"0":3,"1":2,"2":0},"b":{"0":[1,2],"1":[1,1],"2":[1,1],"3":[1,0],"4":[0,0]},"_coverageSchema":"1a1c01bbd47fc00a2c39e90264f33305004495a9","hash":"dfd99e5c03c4011ddf3aea9435a611a2d43d7c52"}
,"/home/victor/Dev_Storage/Tutoriels/Formation DYMA/Typescript/todoList/test/dom.js": {"path":"/home/victor/Dev_Storage/Tutoriels/Formation DYMA/Typescript/todoList/test/dom.js","statementMap":{"0":{"start":{"line":2,"column":4},"end":{"line":31,"column":1}}},"fnMap":{"0":{"name":"(anonymous_0)","decl":{"start":{"line":1,"column":15},"end":{"line":1,"column":16}},"loc":{"start":{"line":2,"column":4},"end":{"line":31,"column":1}},"line":2}},"branchMap":{},"s":{"0":0},"f":{"0":0},"b":{},"_coverageSchema":"1a1c01bbd47fc00a2c39e90264f33305004495a9","hash":"51b6d55100827d434bc0d1da66374c4c72920d5c"}
}
