{"/home/victor/Dev_Storage/Tutoriels/Formation DYMA/Typescript/todoList/src/core.js": {"path":"/home/victor/Dev_Storage/Tutoriels/Formation DYMA/Typescript/todoList/src/core.js","statementMap":{"0":{"start":{"line":1,"column":16},"end":{"line":20,"column":5}},"1":{"start":{"line":3,"column":4},"end":{"line":3,"column":80}},"2":{"start":{"line":3,"column":40},"end":{"line":3,"column":80}},"3":{"start":{"line":4,"column":4},"end":{"line":4,"column":48}},"4":{"start":{"line":4,"column":33},"end":{"line":4,"column":48}},"5":{"start":{"line":6,"column":15},"end":{"line":6,"column":43}},"6":{"start":{"line":7,"column":19},"end":{"line":7,"column":37}},"7":{"start":{"line":10,"column":4},"end":{"line":10,"column":53}},"8":{"start":{"line":13,"column":25},"end":{"line":13,"column":50}},"9":{"start":{"line":14,"column":4},"end":{"line":14,"column":35}},"10":{"start":{"line":16,"column":31},"end":{"line":16,"column":67}},"11":{"start":{"line":17,"column":4},"end":{"line":17,"column":47}},"12":{"start":{"line":18,"column":28},"end":{"line":18,"column":57}},"13":{"start":{"line":19,"column":4},"end":{"line":19,"column":40}}},"fnMap":{"0":{"name":"(anonymous_0)","decl":{"start":{"line":1,"column":16},"end":{"line":1,"column":17}},"loc":{"start":{"line":1,"column":51},"end":{"line":20,"column":5}},"line":1}},"branchMap":{"0":{"loc":{"start":{"line":3,"column":4},"end":{"line":3,"column":80}},"type":"if","locations":[{"start":{"line":3,"column":4},"end":{"line":3,"column":80}},{"start":{},"end":{}}],"line":3},"1":{"loc":{"start":{"line":4,"column":4},"end":{"line":4,"column":48}},"type":"if","locations":[{"start":{"line":4,"column":4},"end":{"line":4,"column":48}},{"start":{},"end":{}}],"line":4}},"s":{"0":1,"1":3,"2":1,"3":2,"4":1,"5":2,"6":2,"7":2,"8":2,"9":2,"10":2,"11":2,"12":2,"13":2},"f":{"0":3},"b":{"0":[1,2],"1":[1,1]},"_coverageSchema":"1a1c01bbd47fc00a2c39e90264f33305004495a9","hash":"6df8e0519a948ff7c30723eb13ac34fb8b182e94"}
}
