TN:
SF:src/core.ts
FN:5,addTodo
FN:9,editTodo
FN:24,deleteTodo
FN:29,toggleTodo
FN:36,toggleTodoChecked
FNF:5
FNH:5
FNDA:1,addTodo
FNDA:1,editTodo
FNDA:4,deleteTodo
FNDA:1,toggleTodo
FNDA:1,toggleTodoChecked
DA:3,1
DA:5,2
DA:6,1
DA:15,1
DA:21,1
DA:25,4
DA:26,4
DA:30,1
DA:31,1
DA:32,1
DA:33,1
DA:37,1
DA:38,1
DA:42,1
LF:14
LH:14
BRDA:5,0,0,1
BRDA:31,1,0,0
BRDA:31,2,0,0
BRDA:31,2,1,1
BRDA:31,3,0,1
BRDA:31,3,1,1
BRDA:37,4,0,0
BRF:7
BRH:4
end_of_record
TN:
SF:src/data/todoInit.ts
FNF:0
FNH:0
DA:4,1
DA:12,1
LF:2
LH:2
BRF:0
BRH:0
end_of_record
