TN:
SF:src/core.js
FN:1,(anonymous_0)
FN:21,(anonymous_1)
FN:31,(anonymous_2)
FNF:3
FNH:2
FNDA:3,(anonymous_0)
FNDA:2,(anonymous_1)
FNDA:0,(anonymous_2)
DA:1,1
DA:2,3
DA:3,2
DA:5,2
DA:6,2
DA:9,2
DA:12,2
DA:13,2
DA:15,2
DA:16,2
DA:17,2
DA:18,2
DA:21,1
DA:22,2
DA:23,2
DA:24,1
DA:26,1
DA:27,0
DA:28,0
DA:31,1
DA:32,0
DA:34,0
DA:35,0
DA:36,0
DA:37,0
DA:38,0
DA:39,0
DA:40,0
LF:28
LH:18
BRDA:2,0,0,1
BRDA:2,0,1,2
BRDA:3,1,0,1
BRDA:3,1,1,1
BRDA:23,2,0,1
BRDA:23,2,1,1
BRDA:26,3,0,1
BRDA:26,3,1,0
BRDA:34,4,0,0
BRDA:34,4,1,0
BRF:10
BRH:7
end_of_record
TN:
SF:test/dom.js
FN:1,(anonymous_0)
FNF:1
FNH:0
FNDA:0,(anonymous_0)
DA:2,0
LF:1
LH:0
BRF:0
BRH:0
end_of_record
